[19-Aug-2025 01:46:34 UTC] === New Contact Form Submission ===
[19-Aug-2025 01:46:34 UTC] Request Method: POST
[19-Aug-2025 01:46:34 UTC] Content Type: application/x-www-form-urlencoded
[19-Aug-2025 01:46:34 UTC] Request Headers: {"Cookie":"theme=light","Accept-Language":"en,en-US;q=0.9,en-GB;q=0.8","Accept-Encoding":"gzip, deflate, br, zstd","Referer":"http:\/\/localhost\/test-form.html","Sec-Fetch-Dest":"empty","Sec-Fetch-Mode":"cors","Sec-Fetch-Site":"same-origin","Origin":"http:\/\/localhost","Accept":"*\/*","Sec-Ch-Ua-Mobile":"?0","Content-Type":"application\/x-www-form-urlencoded","Dnt":"1","Sec-Ch-Ua":"\"Not;A=Brand\";v=\"99\", \"Google Chrome\";v=\"139\", \"Chromium\";v=\"139\"","User-Agent":"Mozilla\/5.0 (Macintosh; Intel Mac OS X 10_15_7) AppleWebKit\/537.36 (KHTML, like Gecko) Chrome\/139.0.0.0 Safari\/537.36","Sec-Ch-Ua-Platform":"\"macOS\"","Content-Length":"64","Connection":"keep-alive","Host":"localhost"}
[19-Aug-2025 01:46:34 UTC] Raw input: name=Aazain+Ullah+Khan&email=aazainkhan%40gmail.com&message=test
[19-Aug-2025 01:46:34 UTC] Form data: Array
(
    [name] => Aazain Ullah Khan
    [email] => aazainkhan@gmail.com
    [message] => test
)

[19-Aug-2025 01:46:34 UTC] Confirmation email sent to aazainkhan@gmail.com
[19-Aug-2025 01:46:34 UTC] Email sent to admin: info@innerjourney-with-shanila.com
[19-Aug-2025 01:51:22 UTC] === New Contact Form Submission ===
[19-Aug-2025 01:51:22 UTC] Request Method: POST
[19-Aug-2025 01:51:22 UTC] Content Type: application/x-www-form-urlencoded
[19-Aug-2025 01:51:22 UTC] Request Headers: {"Cookie":"theme=light","Accept-Language":"en,en-US;q=0.9,en-GB;q=0.8","Accept-Encoding":"gzip, deflate, br, zstd","Referer":"http:\/\/localhost\/contact.html","Sec-Fetch-Dest":"empty","Sec-Fetch-Mode":"cors","Sec-Fetch-Site":"same-origin","Origin":"http:\/\/localhost","Accept":"*\/*","Sec-Ch-Ua-Mobile":"?0","Content-Type":"application\/x-www-form-urlencoded","Dnt":"1","Sec-Ch-Ua":"\"Not;A=Brand\";v=\"99\", \"Google Chrome\";v=\"139\", \"Chromium\";v=\"139\"","User-Agent":"Mozilla\/5.0 (Macintosh; Intel Mac OS X 10_15_7) AppleWebKit\/537.36 (KHTML, like Gecko) Chrome\/139.0.0.0 Safari\/537.36","Sec-Ch-Ua-Platform":"\"macOS\"","Content-Length":"96","Connection":"keep-alive","Host":"localhost"}
[19-Aug-2025 01:51:22 UTC] Raw input: name=Aazain+Ullah+Khan&email=aazainkhan%40gmail.com&country-code=1&phone=7788620153&message=test
[19-Aug-2025 01:51:22 UTC] === New Contact Form Submission ===
[19-Aug-2025 01:51:22 UTC] Request Method: POST
[19-Aug-2025 01:51:22 UTC] Content Type: application/json
[19-Aug-2025 01:51:22 UTC] Request Headers: {"Cookie":"theme=light","Accept-Language":"en,en-US;q=0.9,en-GB;q=0.8","Accept-Encoding":"gzip, deflate, br, zstd","Referer":"http:\/\/localhost\/contact.html","Sec-Fetch-Dest":"empty","Sec-Fetch-Mode":"cors","Sec-Fetch-Site":"same-origin","Origin":"http:\/\/localhost","Accept":"*\/*","Sec-Ch-Ua-Mobile":"?0","Content-Type":"application\/json","Dnt":"1","Sec-Ch-Ua":"\"Not;A=Brand\";v=\"99\", \"Google Chrome\";v=\"139\", \"Chromium\";v=\"139\"","User-Agent":"Mozilla\/5.0 (Macintosh; Intel Mac OS X 10_15_7) AppleWebKit\/537.36 (KHTML, like Gecko) Chrome\/139.0.0.0 Safari\/537.36","Sec-Ch-Ua-Platform":"\"macOS\"","Content-Length":"116","Connection":"keep-alive","Host":"localhost"}
[19-Aug-2025 01:51:22 UTC] Raw input: {"name":"Aazain Ullah Khan","email":"aazainkhan@gmail.com","country-code":"1","phone":"7788620153","message":"test"}
[19-Aug-2025 01:51:22 UTC] Detected JSON request
[19-Aug-2025 01:51:22 UTC] Parsed JSON input: Array
(
    [name] => Aazain Ullah Khan
    [email] => aazainkhan@gmail.com
    [country-code] => 1
    [phone] => 7788620153
    [message] => test
)

[19-Aug-2025 01:51:22 UTC] === New Contact Form Submission ===
[19-Aug-2025 01:51:22 UTC] Request Method: POST
[19-Aug-2025 01:51:22 UTC] Content Type: application/x-www-form-urlencoded
[19-Aug-2025 01:51:22 UTC] Request Headers: {"Cookie":"theme=light","Accept-Language":"en,en-US;q=0.9,en-GB;q=0.8","Accept-Encoding":"gzip, deflate, br, zstd","Referer":"http:\/\/localhost\/contact.html","Sec-Fetch-Dest":"empty","Sec-Fetch-Mode":"cors","Sec-Fetch-Site":"same-origin","Origin":"http:\/\/localhost","Accept":"*\/*","Sec-Ch-Ua-Mobile":"?0","Content-Type":"application\/x-www-form-urlencoded","Dnt":"1","Sec-Ch-Ua":"\"Not;A=Brand\";v=\"99\", \"Google Chrome\";v=\"139\", \"Chromium\";v=\"139\"","User-Agent":"Mozilla\/5.0 (Macintosh; Intel Mac OS X 10_15_7) AppleWebKit\/537.36 (KHTML, like Gecko) Chrome\/139.0.0.0 Safari\/537.36","Sec-Ch-Ua-Platform":"\"macOS\"","Content-Length":"96","Connection":"keep-alive","Host":"localhost"}
[19-Aug-2025 01:51:22 UTC] Raw input: name=Aazain+Ullah+Khan&email=aazainkhan%40gmail.com&country-code=1&phone=7788620153&message=test
[19-Aug-2025 01:51:22 UTC] Form data: Array
(
    [name] => Aazain Ullah Khan
    [email] => aazainkhan@gmail.com
    [country-code] => 1
    [phone] => 7788620153
    [message] => test
)

[19-Aug-2025 01:51:22 UTC] Form data: Array
(
    [name] => Aazain Ullah Khan
    [email] => aazainkhan@gmail.com
    [country-code] => 1
    [phone] => 7788620153
    [message] => test
)

[19-Aug-2025 01:51:22 UTC] === New Contact Form Submission ===
[19-Aug-2025 01:51:22 UTC] Request Method: POST
[19-Aug-2025 01:51:22 UTC] Content Type: application/x-www-form-urlencoded
[19-Aug-2025 01:51:22 UTC] Request Headers: {"Cookie":"theme=light","Accept-Language":"en,en-US;q=0.9,en-GB;q=0.8","Accept-Encoding":"gzip, deflate, br, zstd","Referer":"http:\/\/localhost\/contact.html","Sec-Fetch-Dest":"empty","Sec-Fetch-Mode":"cors","Sec-Fetch-Site":"same-origin","Origin":"http:\/\/localhost","Accept":"*\/*","Sec-Ch-Ua-Mobile":"?0","Content-Type":"application\/x-www-form-urlencoded","Dnt":"1","Sec-Ch-Ua":"\"Not;A=Brand\";v=\"99\", \"Google Chrome\";v=\"139\", \"Chromium\";v=\"139\"","User-Agent":"Mozilla\/5.0 (Macintosh; Intel Mac OS X 10_15_7) AppleWebKit\/537.36 (KHTML, like Gecko) Chrome\/139.0.0.0 Safari\/537.36","Sec-Ch-Ua-Platform":"\"macOS\"","Content-Length":"96","Connection":"keep-alive","Host":"localhost"}
[19-Aug-2025 01:51:22 UTC] Raw input: name=Aazain+Ullah+Khan&email=aazainkhan%40gmail.com&country-code=1&phone=7788620153&message=test
[19-Aug-2025 01:51:22 UTC] Form data: Array
(
    [name] => Aazain Ullah Khan
    [email] => aazainkhan@gmail.com
    [country-code] => 1
    [phone] => 7788620153
    [message] => test
)

[19-Aug-2025 01:51:22 UTC] Confirmation email sent to aazainkhan@gmail.com
[19-Aug-2025 01:51:22 UTC] Email sent to admin: info@innerjourney-with-shanila.com
[19-Aug-2025 01:51:22 UTC] Confirmation email sent to aazainkhan@gmail.com
[19-Aug-2025 01:51:22 UTC] Email sent to admin: info@innerjourney-with-shanila.com
[19-Aug-2025 01:51:22 UTC] === New Contact Form Submission ===
[19-Aug-2025 01:51:22 UTC] Request Method: POST
[19-Aug-2025 01:51:22 UTC] Content Type: application/x-www-form-urlencoded
[19-Aug-2025 01:51:22 UTC] Request Headers: {"Cookie":"theme=light","Accept-Language":"en,en-US;q=0.9,en-GB;q=0.8","Accept-Encoding":"gzip, deflate, br, zstd","Referer":"http:\/\/localhost\/contact.html","Sec-Fetch-Dest":"empty","Sec-Fetch-Mode":"cors","Sec-Fetch-Site":"same-origin","Origin":"http:\/\/localhost","Accept":"*\/*","Sec-Ch-Ua-Mobile":"?0","Content-Type":"application\/x-www-form-urlencoded","Dnt":"1","Sec-Ch-Ua":"\"Not;A=Brand\";v=\"99\", \"Google Chrome\";v=\"139\", \"Chromium\";v=\"139\"","User-Agent":"Mozilla\/5.0 (Macintosh; Intel Mac OS X 10_15_7) AppleWebKit\/537.36 (KHTML, like Gecko) Chrome\/139.0.0.0 Safari\/537.36","Sec-Ch-Ua-Platform":"\"macOS\"","Content-Length":"96","Connection":"keep-alive","Host":"localhost"}
[19-Aug-2025 01:51:22 UTC] Raw input: name=Aazain+Ullah+Khan&email=aazainkhan%40gmail.com&country-code=1&phone=7788620153&message=test
[19-Aug-2025 01:51:22 UTC] Form data: Array
(
    [name] => Aazain Ullah Khan
    [email] => aazainkhan@gmail.com
    [country-code] => 1
    [phone] => 7788620153
    [message] => test
)

[19-Aug-2025 01:51:22 UTC] Confirmation email sent to aazainkhan@gmail.com
[19-Aug-2025 01:51:22 UTC] Email sent to admin: info@innerjourney-with-shanila.com
[19-Aug-2025 01:51:22 UTC] Confirmation email sent to aazainkhan@gmail.com
[19-Aug-2025 01:51:22 UTC] Email sent to admin: info@innerjourney-with-shanila.com
[19-Aug-2025 01:51:23 UTC] Confirmation email sent to aazainkhan@gmail.com
[19-Aug-2025 01:51:23 UTC] Email sent to admin: info@innerjourney-with-shanila.com
[19-Aug-2025 01:52:02 UTC] === New Contact Form Submission ===
[19-Aug-2025 01:52:02 UTC] === New Contact Form Submission ===
[19-Aug-2025 01:52:02 UTC] Request Method: POST
[19-Aug-2025 01:52:02 UTC] Content Type: application/json
[19-Aug-2025 01:52:02 UTC] Request Headers: {"Cookie":"theme=light","Accept-Language":"en,en-US;q=0.9,en-GB;q=0.8","Accept-Encoding":"gzip, deflate, br, zstd","Referer":"http:\/\/localhost\/contact.html","Sec-Fetch-Dest":"empty","Sec-Fetch-Mode":"cors","Sec-Fetch-Site":"same-origin","Origin":"http:\/\/localhost","Accept":"*\/*","Sec-Ch-Ua-Mobile":"?0","Content-Type":"application\/json","Dnt":"1","Sec-Ch-Ua":"\"Not;A=Brand\";v=\"99\", \"Google Chrome\";v=\"139\", \"Chromium\";v=\"139\"","User-Agent":"Mozilla\/5.0 (Macintosh; Intel Mac OS X 10_15_7) AppleWebKit\/537.36 (KHTML, like Gecko) Chrome\/139.0.0.0 Safari\/537.36","Sec-Ch-Ua-Platform":"\"macOS\"","Content-Length":"118","Connection":"keep-alive","Host":"localhost"}
[19-Aug-2025 01:52:02 UTC] Raw input: {"name":"Aazain Ullah Khan","email":"aazainkhan@gmail.com","country-code":"1","phone":"7788620153","message":"test\n"}
[19-Aug-2025 01:52:02 UTC] Detected JSON request
[19-Aug-2025 01:52:02 UTC] Parsed JSON input: Array
(
    [name] => Aazain Ullah Khan
    [email] => aazainkhan@gmail.com
    [country-code] => 1
    [phone] => 7788620153
    [message] => test

)

[19-Aug-2025 01:52:02 UTC] === New Contact Form Submission ===
[19-Aug-2025 01:52:02 UTC] Request Method: POST
[19-Aug-2025 01:52:02 UTC] Content Type: application/x-www-form-urlencoded
[19-Aug-2025 01:52:02 UTC] Request Headers: {"Cookie":"theme=light","Accept-Language":"en,en-US;q=0.9,en-GB;q=0.8","Accept-Encoding":"gzip, deflate, br, zstd","Referer":"http:\/\/localhost\/contact.html","Sec-Fetch-Dest":"empty","Sec-Fetch-Mode":"cors","Sec-Fetch-Site":"same-origin","Origin":"http:\/\/localhost","Accept":"*\/*","Sec-Ch-Ua-Mobile":"?0","Content-Type":"application\/x-www-form-urlencoded","Dnt":"1","Sec-Ch-Ua":"\"Not;A=Brand\";v=\"99\", \"Google Chrome\";v=\"139\", \"Chromium\";v=\"139\"","User-Agent":"Mozilla\/5.0 (Macintosh; Intel Mac OS X 10_15_7) AppleWebKit\/537.36 (KHTML, like Gecko) Chrome\/139.0.0.0 Safari\/537.36","Sec-Ch-Ua-Platform":"\"macOS\"","Content-Length":"99","Connection":"keep-alive","Host":"localhost"}
[19-Aug-2025 01:52:02 UTC] Raw input: name=Aazain+Ullah+Khan&email=aazainkhan%40gmail.com&country-code=1&phone=7788620153&message=test%0A
[19-Aug-2025 01:52:02 UTC] Form data: Array
(
    [name] => Aazain Ullah Khan
    [email] => aazainkhan@gmail.com
    [country-code] => 1
    [phone] => 7788620153
    [message] => test

)

[19-Aug-2025 01:52:02 UTC] === New Contact Form Submission ===
[19-Aug-2025 01:52:02 UTC] Request Method: POST
[19-Aug-2025 01:52:02 UTC] Request Method: POST
[19-Aug-2025 01:52:02 UTC] Content Type: application/x-www-form-urlencoded
[19-Aug-2025 01:52:02 UTC] Request Headers: {"Cookie":"theme=light","Accept-Language":"en,en-US;q=0.9,en-GB;q=0.8","Accept-Encoding":"gzip, deflate, br, zstd","Referer":"http:\/\/localhost\/contact.html","Sec-Fetch-Dest":"empty","Sec-Fetch-Mode":"cors","Sec-Fetch-Site":"same-origin","Origin":"http:\/\/localhost","Accept":"*\/*","Sec-Ch-Ua-Mobile":"?0","Content-Type":"application\/x-www-form-urlencoded","Dnt":"1","Sec-Ch-Ua":"\"Not;A=Brand\";v=\"99\", \"Google Chrome\";v=\"139\", \"Chromium\";v=\"139\"","User-Agent":"Mozilla\/5.0 (Macintosh; Intel Mac OS X 10_15_7) AppleWebKit\/537.36 (KHTML, like Gecko) Chrome\/139.0.0.0 Safari\/537.36","Sec-Ch-Ua-Platform":"\"macOS\"","Content-Length":"99","Connection":"keep-alive","Host":"localhost"}
[19-Aug-2025 01:52:02 UTC] Raw input: name=Aazain+Ullah+Khan&email=aazainkhan%40gmail.com&country-code=1&phone=7788620153&message=test%0A
[19-Aug-2025 01:52:02 UTC] Form data: Array
(
    [name] => Aazain Ullah Khan
    [email] => aazainkhan@gmail.com
    [country-code] => 1
    [phone] => 7788620153
    [message] => test

)

[19-Aug-2025 01:52:02 UTC] Content Type: application/x-www-form-urlencoded
[19-Aug-2025 01:52:02 UTC] Request Headers: {"Cookie":"theme=light","Accept-Language":"en,en-US;q=0.9,en-GB;q=0.8","Accept-Encoding":"gzip, deflate, br, zstd","Referer":"http:\/\/localhost\/contact.html","Sec-Fetch-Dest":"empty","Sec-Fetch-Mode":"cors","Sec-Fetch-Site":"same-origin","Origin":"http:\/\/localhost","Accept":"*\/*","Sec-Ch-Ua-Mobile":"?0","Content-Type":"application\/x-www-form-urlencoded","Dnt":"1","Sec-Ch-Ua":"\"Not;A=Brand\";v=\"99\", \"Google Chrome\";v=\"139\", \"Chromium\";v=\"139\"","User-Agent":"Mozilla\/5.0 (Macintosh; Intel Mac OS X 10_15_7) AppleWebKit\/537.36 (KHTML, like Gecko) Chrome\/139.0.0.0 Safari\/537.36","Sec-Ch-Ua-Platform":"\"macOS\"","Content-Length":"99","Connection":"keep-alive","Host":"localhost"}
[19-Aug-2025 01:52:02 UTC] Raw input: name=Aazain+Ullah+Khan&email=aazainkhan%40gmail.com&country-code=1&phone=7788620153&message=test%0A
[19-Aug-2025 01:52:02 UTC] Form data: Array
(
    [name] => Aazain Ullah Khan
    [email] => aazainkhan@gmail.com
    [country-code] => 1
    [phone] => 7788620153
    [message] => test

)

[19-Aug-2025 01:52:02 UTC] Confirmation email sent to aazainkhan@gmail.com
[19-Aug-2025 01:52:02 UTC] Confirmation email sent to aazainkhan@gmail.com
[19-Aug-2025 01:52:02 UTC] Confirmation email sent to aazainkhan@gmail.com
[19-Aug-2025 01:52:02 UTC] Email sent to admin: info@innerjourney-with-shanila.com
[19-Aug-2025 01:52:02 UTC] Email sent to admin: info@innerjourney-with-shanila.com
[19-Aug-2025 01:52:02 UTC] Email sent to admin: info@innerjourney-with-shanila.com
[19-Aug-2025 01:52:02 UTC] Confirmation email sent to aazainkhan@gmail.com
[19-Aug-2025 01:52:02 UTC] Email sent to admin: info@innerjourney-with-shanila.com
[19-Aug-2025 01:52:02 UTC] === New Contact Form Submission ===
[19-Aug-2025 01:52:02 UTC] Request Method: POST
[19-Aug-2025 01:52:02 UTC] Content Type: application/x-www-form-urlencoded
[19-Aug-2025 01:52:02 UTC] Request Headers: {"Cookie":"theme=light","Accept-Language":"en,en-US;q=0.9,en-GB;q=0.8","Accept-Encoding":"gzip, deflate, br, zstd","Referer":"http:\/\/localhost\/contact.html","Sec-Fetch-Dest":"empty","Sec-Fetch-Mode":"cors","Sec-Fetch-Site":"same-origin","Origin":"http:\/\/localhost","Accept":"*\/*","Sec-Ch-Ua-Mobile":"?0","Content-Type":"application\/x-www-form-urlencoded","Dnt":"1","Sec-Ch-Ua":"\"Not;A=Brand\";v=\"99\", \"Google Chrome\";v=\"139\", \"Chromium\";v=\"139\"","User-Agent":"Mozilla\/5.0 (Macintosh; Intel Mac OS X 10_15_7) AppleWebKit\/537.36 (KHTML, like Gecko) Chrome\/139.0.0.0 Safari\/537.36","Sec-Ch-Ua-Platform":"\"macOS\"","Content-Length":"99","Connection":"keep-alive","Host":"localhost"}
[19-Aug-2025 01:52:02 UTC] Raw input: name=Aazain+Ullah+Khan&email=aazainkhan%40gmail.com&country-code=1&phone=7788620153&message=test%0A
[19-Aug-2025 01:52:02 UTC] Form data: Array
(
    [name] => Aazain Ullah Khan
    [email] => aazainkhan@gmail.com
    [country-code] => 1
    [phone] => 7788620153
    [message] => test

)

[19-Aug-2025 01:52:02 UTC] Confirmation email sent to aazainkhan@gmail.com
[19-Aug-2025 01:52:02 UTC] Email sent to admin: info@innerjourney-with-shanila.com
[19-Aug-2025 01:58:58 UTC] === New Contact Form Submission ===
[19-Aug-2025 01:58:58 UTC] === New Contact Form Submission ===
[19-Aug-2025 01:58:58 UTC] Request Method: POST
[19-Aug-2025 01:58:58 UTC] Content Type: application/x-www-form-urlencoded
[19-Aug-2025 01:58:58 UTC] Request Headers: {"Cookie":"theme=light","Accept-Language":"en,en-US;q=0.9,en-GB;q=0.8","Accept-Encoding":"gzip, deflate, br, zstd","Referer":"http:\/\/localhost\/contact.html","Sec-Fetch-Dest":"empty","Sec-Fetch-Mode":"cors","Sec-Fetch-Site":"same-origin","Origin":"http:\/\/localhost","Accept":"*\/*","Sec-Ch-Ua-Mobile":"?0","Content-Type":"application\/x-www-form-urlencoded","Dnt":"1","Sec-Ch-Ua":"\"Not;A=Brand\";v=\"99\", \"Google Chrome\";v=\"139\", \"Chromium\";v=\"139\"","User-Agent":"Mozilla\/5.0 (Macintosh; Intel Mac OS X 10_15_7) AppleWebKit\/537.36 (KHTML, like Gecko) Chrome\/139.0.0.0 Safari\/537.36","Sec-Ch-Ua-Platform":"\"macOS\"","Content-Length":"104","Connection":"keep-alive","Host":"localhost"}
[19-Aug-2025 01:58:58 UTC] Raw input: name=Aazain+Ullah+Khan&email=aazainkhan%40gmail.com&country-code=1&phone=7788620153&message=Test+message
[19-Aug-2025 01:58:58 UTC] Form data: Array
(
    [name] => Aazain Ullah Khan
    [email] => aazainkhan@gmail.com
    [country-code] => 1
    [phone] => 7788620153
    [message] => Test message
)

[19-Aug-2025 01:58:58 UTC] === New Contact Form Submission ===
[19-Aug-2025 01:58:58 UTC] Request Method: POST
[19-Aug-2025 01:58:58 UTC] Content Type: application/x-www-form-urlencoded
[19-Aug-2025 01:58:58 UTC] Request Headers: {"Cookie":"theme=light","Accept-Language":"en,en-US;q=0.9,en-GB;q=0.8","Accept-Encoding":"gzip, deflate, br, zstd","Referer":"http:\/\/localhost\/contact.html","Sec-Fetch-Dest":"empty","Sec-Fetch-Mode":"cors","Sec-Fetch-Site":"same-origin","Origin":"http:\/\/localhost","Accept":"*\/*","Sec-Ch-Ua-Mobile":"?0","Content-Type":"application\/x-www-form-urlencoded","Dnt":"1","Sec-Ch-Ua":"\"Not;A=Brand\";v=\"99\", \"Google Chrome\";v=\"139\", \"Chromium\";v=\"139\"","User-Agent":"Mozilla\/5.0 (Macintosh; Intel Mac OS X 10_15_7) AppleWebKit\/537.36 (KHTML, like Gecko) Chrome\/139.0.0.0 Safari\/537.36","Sec-Ch-Ua-Platform":"\"macOS\"","Content-Length":"104","Connection":"keep-alive","Host":"localhost"}
[19-Aug-2025 01:58:58 UTC] Raw input: name=Aazain+Ullah+Khan&email=aazainkhan%40gmail.com&country-code=1&phone=7788620153&message=Test+message
[19-Aug-2025 01:58:58 UTC] Form data: Array
(
    [name] => Aazain Ullah Khan
    [email] => aazainkhan@gmail.com
    [country-code] => 1
    [phone] => 7788620153
    [message] => Test message
)

[19-Aug-2025 01:58:58 UTC] Request Method: POST
[19-Aug-2025 01:58:58 UTC] Content Type: application/x-www-form-urlencoded
[19-Aug-2025 01:58:58 UTC] Request Headers: {"Cookie":"theme=light","Accept-Language":"en,en-US;q=0.9,en-GB;q=0.8","Accept-Encoding":"gzip, deflate, br, zstd","Referer":"http:\/\/localhost\/contact.html","Sec-Fetch-Dest":"empty","Sec-Fetch-Mode":"cors","Sec-Fetch-Site":"same-origin","Origin":"http:\/\/localhost","Accept":"*\/*","Sec-Ch-Ua-Mobile":"?0","Content-Type":"application\/x-www-form-urlencoded","Dnt":"1","Sec-Ch-Ua":"\"Not;A=Brand\";v=\"99\", \"Google Chrome\";v=\"139\", \"Chromium\";v=\"139\"","User-Agent":"Mozilla\/5.0 (Macintosh; Intel Mac OS X 10_15_7) AppleWebKit\/537.36 (KHTML, like Gecko) Chrome\/139.0.0.0 Safari\/537.36","Sec-Ch-Ua-Platform":"\"macOS\"","Content-Length":"104","Connection":"keep-alive","Host":"localhost"}
[19-Aug-2025 01:58:58 UTC] Raw input: name=Aazain+Ullah+Khan&email=aazainkhan%40gmail.com&country-code=1&phone=7788620153&message=Test+message
[19-Aug-2025 01:58:58 UTC] Form data: Array
(
    [name] => Aazain Ullah Khan
    [email] => aazainkhan@gmail.com
    [country-code] => 1
    [phone] => 7788620153
    [message] => Test message
)

[19-Aug-2025 01:58:58 UTC] === New Contact Form Submission ===
[19-Aug-2025 01:58:58 UTC] Request Method: POST
[19-Aug-2025 01:58:58 UTC] Content Type: application/x-www-form-urlencoded
[19-Aug-2025 01:58:58 UTC] Request Headers: {"Cookie":"theme=light","Accept-Language":"en,en-US;q=0.9,en-GB;q=0.8","Accept-Encoding":"gzip, deflate, br, zstd","Referer":"http:\/\/localhost\/contact.html","Sec-Fetch-Dest":"empty","Sec-Fetch-Mode":"cors","Sec-Fetch-Site":"same-origin","Origin":"http:\/\/localhost","Accept":"*\/*","Sec-Ch-Ua-Mobile":"?0","Content-Type":"application\/x-www-form-urlencoded","Dnt":"1","Sec-Ch-Ua":"\"Not;A=Brand\";v=\"99\", \"Google Chrome\";v=\"139\", \"Chromium\";v=\"139\"","User-Agent":"Mozilla\/5.0 (Macintosh; Intel Mac OS X 10_15_7) AppleWebKit\/537.36 (KHTML, like Gecko) Chrome\/139.0.0.0 Safari\/537.36","Sec-Ch-Ua-Platform":"\"macOS\"","Content-Length":"104","Connection":"keep-alive","Host":"localhost"}
[19-Aug-2025 01:58:58 UTC] Raw input: name=Aazain+Ullah+Khan&email=aazainkhan%40gmail.com&country-code=1&phone=7788620153&message=Test+message
[19-Aug-2025 01:58:58 UTC] Form data: Array
(
    [name] => Aazain Ullah Khan
    [email] => aazainkhan@gmail.com
    [country-code] => 1
    [phone] => 7788620153
    [message] => Test message
)

[19-Aug-2025 01:58:58 UTC] Email sent to admin: info@innerjourney-with-shanila.com
[19-Aug-2025 01:58:58 UTC] Email sent to admin: info@innerjourney-with-shanila.com
[19-Aug-2025 01:58:58 UTC] Email sent to admin: info@innerjourney-with-shanila.com
[19-Aug-2025 01:58:58 UTC] Email sent to admin: info@innerjourney-with-shanila.com
[19-Aug-2025 01:58:58 UTC] Confirmation email sent to aazainkhan@gmail.com
[19-Aug-2025 01:58:58 UTC] === New Contact Form Submission ===
[19-Aug-2025 01:58:58 UTC] Request Method: POST
[19-Aug-2025 01:58:58 UTC] Content Type: application/json
[19-Aug-2025 01:58:58 UTC] Request Headers: {"Cookie":"theme=light","Accept-Language":"en,en-US;q=0.9,en-GB;q=0.8","Accept-Encoding":"gzip, deflate, br, zstd","Referer":"http:\/\/localhost\/contact.html","Sec-Fetch-Dest":"empty","Sec-Fetch-Mode":"cors","Sec-Fetch-Site":"same-origin","Origin":"http:\/\/localhost","Accept":"*\/*","Sec-Ch-Ua-Mobile":"?0","Content-Type":"application\/json","Dnt":"1","Sec-Ch-Ua":"\"Not;A=Brand\";v=\"99\", \"Google Chrome\";v=\"139\", \"Chromium\";v=\"139\"","User-Agent":"Mozilla\/5.0 (Macintosh; Intel Mac OS X 10_15_7) AppleWebKit\/537.36 (KHTML, like Gecko) Chrome\/139.0.0.0 Safari\/537.36","Sec-Ch-Ua-Platform":"\"macOS\"","Content-Length":"124","Connection":"keep-alive","Host":"localhost"}
[19-Aug-2025 01:58:58 UTC] Raw input: {"name":"Aazain Ullah Khan","email":"aazainkhan@gmail.com","country-code":"1","phone":"7788620153","message":"Test message"}
[19-Aug-2025 01:58:58 UTC] Detected JSON request
[19-Aug-2025 01:58:58 UTC] Confirmation email sent to aazainkhan@gmail.com
[19-Aug-2025 01:58:58 UTC] Parsed JSON input: Array
(
    [name] => Aazain Ullah Khan
    [email] => aazainkhan@gmail.com
    [country-code] => 1
    [phone] => 7788620153
    [message] => Test message
)

[19-Aug-2025 01:58:58 UTC] Confirmation email sent to aazainkhan@gmail.com
[19-Aug-2025 01:58:58 UTC] Confirmation email sent to aazainkhan@gmail.com
[19-Aug-2025 01:58:58 UTC] Email sent to admin: info@innerjourney-with-shanila.com
[19-Aug-2025 01:58:58 UTC] Confirmation email sent to aazainkhan@gmail.com
[19-Aug-2025 02:01:23 UTC] === New Contact Form Submission ===
[19-Aug-2025 02:01:23 UTC] Request Method: POST
[19-Aug-2025 02:01:23 UTC] Content Type: application/x-www-form-urlencoded
[19-Aug-2025 02:01:23 UTC] Request Headers: {"Cookie":"theme=light","Accept-Language":"en,en-US;q=0.9,en-GB;q=0.8","Accept-Encoding":"gzip, deflate, br, zstd","Referer":"http:\/\/localhost\/contact.html","Sec-Fetch-Dest":"empty","Sec-Fetch-Mode":"cors","Sec-Fetch-Site":"same-origin","Origin":"http:\/\/localhost","Accept":"*\/*","Sec-Ch-Ua-Mobile":"?0","Content-Type":"application\/x-www-form-urlencoded","Dnt":"1","Sec-Ch-Ua":"\"Not;A=Brand\";v=\"99\", \"Google Chrome\";v=\"139\", \"Chromium\";v=\"139\"","User-Agent":"Mozilla\/5.0 (Macintosh; Intel Mac OS X 10_15_7) AppleWebKit\/537.36 (KHTML, like Gecko) Chrome\/139.0.0.0 Safari\/537.36","Sec-Ch-Ua-Platform":"\"macOS\"","Content-Length":"96","Connection":"keep-alive","Host":"localhost"}
[19-Aug-2025 02:01:23 UTC] Raw input: name=Aazain+Ullah+Khan&email=aazainkhan%40gmail.com&country-code=1&phone=7788620153&message=test
[19-Aug-2025 02:01:23 UTC] Form data: Array
(
    [name] => Aazain Ullah Khan
    [email] => aazainkhan@gmail.com
    [country-code] => 1
    [phone] => 7788620153
    [message] => test
)

[19-Aug-2025 02:01:23 UTC] === New Contact Form Submission ===
[19-Aug-2025 02:01:23 UTC] Request Method: POST
[19-Aug-2025 02:01:23 UTC] Content Type: application/json
[19-Aug-2025 02:01:23 UTC] Request Headers: {"Cookie":"theme=light","Accept-Language":"en,en-US;q=0.9,en-GB;q=0.8","Accept-Encoding":"gzip, deflate, br, zstd","Referer":"http:\/\/localhost\/contact.html","Sec-Fetch-Dest":"empty","Sec-Fetch-Mode":"cors","Sec-Fetch-Site":"same-origin","Origin":"http:\/\/localhost","Accept":"*\/*","Sec-Ch-Ua-Mobile":"?0","Content-Type":"application\/json","Dnt":"1","Sec-Ch-Ua":"\"Not;A=Brand\";v=\"99\", \"Google Chrome\";v=\"139\", \"Chromium\";v=\"139\"","User-Agent":"Mozilla\/5.0 (Macintosh; Intel Mac OS X 10_15_7) AppleWebKit\/537.36 (KHTML, like Gecko) Chrome\/139.0.0.0 Safari\/537.36","Sec-Ch-Ua-Platform":"\"macOS\"","Content-Length":"116","Connection":"keep-alive","Host":"localhost"}
[19-Aug-2025 02:01:23 UTC] Raw input: {"name":"Aazain Ullah Khan","email":"aazainkhan@gmail.com","country-code":"1","phone":"7788620153","message":"test"}
[19-Aug-2025 02:01:23 UTC] Detected JSON request
[19-Aug-2025 02:01:23 UTC] === New Contact Form Submission ===
[19-Aug-2025 02:01:23 UTC] Request Method: POST
[19-Aug-2025 02:01:23 UTC] Content Type: application/x-www-form-urlencoded
[19-Aug-2025 02:01:23 UTC] Parsed JSON input: Array
(
    [name] => Aazain Ullah Khan
    [email] => aazainkhan@gmail.com
    [country-code] => 1
    [phone] => 7788620153
    [message] => test
)

[19-Aug-2025 02:01:23 UTC] Request Headers: {"Cookie":"theme=light","Accept-Language":"en,en-US;q=0.9,en-GB;q=0.8","Accept-Encoding":"gzip, deflate, br, zstd","Referer":"http:\/\/localhost\/contact.html","Sec-Fetch-Dest":"empty","Sec-Fetch-Mode":"cors","Sec-Fetch-Site":"same-origin","Origin":"http:\/\/localhost","Accept":"*\/*","Sec-Ch-Ua-Mobile":"?0","Content-Type":"application\/x-www-form-urlencoded","Dnt":"1","Sec-Ch-Ua":"\"Not;A=Brand\";v=\"99\", \"Google Chrome\";v=\"139\", \"Chromium\";v=\"139\"","User-Agent":"Mozilla\/5.0 (Macintosh; Intel Mac OS X 10_15_7) AppleWebKit\/537.36 (KHTML, like Gecko) Chrome\/139.0.0.0 Safari\/537.36","Sec-Ch-Ua-Platform":"\"macOS\"","Content-Length":"96","Connection":"keep-alive","Host":"localhost"}
[19-Aug-2025 02:01:23 UTC] Raw input: name=Aazain+Ullah+Khan&email=aazainkhan%40gmail.com&country-code=1&phone=7788620153&message=test
[19-Aug-2025 02:01:23 UTC] === New Contact Form Submission ===
[19-Aug-2025 02:01:23 UTC] Form data: Array
(
    [name] => Aazain Ullah Khan
    [email] => aazainkhan@gmail.com
    [country-code] => 1
    [phone] => 7788620153
    [message] => test
)

[19-Aug-2025 02:01:23 UTC] Request Method: POST
[19-Aug-2025 02:01:23 UTC] Content Type: application/x-www-form-urlencoded
[19-Aug-2025 02:01:23 UTC] Request Headers: {"Cookie":"theme=light","Accept-Language":"en,en-US;q=0.9,en-GB;q=0.8","Accept-Encoding":"gzip, deflate, br, zstd","Referer":"http:\/\/localhost\/contact.html","Sec-Fetch-Dest":"empty","Sec-Fetch-Mode":"cors","Sec-Fetch-Site":"same-origin","Origin":"http:\/\/localhost","Accept":"*\/*","Sec-Ch-Ua-Mobile":"?0","Content-Type":"application\/x-www-form-urlencoded","Dnt":"1","Sec-Ch-Ua":"\"Not;A=Brand\";v=\"99\", \"Google Chrome\";v=\"139\", \"Chromium\";v=\"139\"","User-Agent":"Mozilla\/5.0 (Macintosh; Intel Mac OS X 10_15_7) AppleWebKit\/537.36 (KHTML, like Gecko) Chrome\/139.0.0.0 Safari\/537.36","Sec-Ch-Ua-Platform":"\"macOS\"","Content-Length":"96","Connection":"keep-alive","Host":"localhost"}
[19-Aug-2025 02:01:23 UTC] Raw input: name=Aazain+Ullah+Khan&email=aazainkhan%40gmail.com&country-code=1&phone=7788620153&message=test
[19-Aug-2025 02:01:23 UTC] Form data: Array
(
    [name] => Aazain Ullah Khan
    [email] => aazainkhan@gmail.com
    [country-code] => 1
    [phone] => 7788620153
    [message] => test
)

[19-Aug-2025 02:01:23 UTC] Email sent to admin: info@innerjourney-with-shanila.com
[19-Aug-2025 02:01:23 UTC] Email sent to admin: info@innerjourney-with-shanila.com
[19-Aug-2025 02:01:23 UTC] Email sent to admin: info@innerjourney-with-shanila.com
[19-Aug-2025 02:01:23 UTC] Email sent to admin: info@innerjourney-with-shanila.com
[19-Aug-2025 02:01:23 UTC] Confirmation email sent to aazainkhan@gmail.com
[19-Aug-2025 02:01:23 UTC] === New Contact Form Submission ===
[19-Aug-2025 02:01:23 UTC] Request Method: POST
[19-Aug-2025 02:01:23 UTC] Content Type: application/x-www-form-urlencoded
[19-Aug-2025 02:01:23 UTC] Request Headers: {"Cookie":"theme=light","Accept-Language":"en,en-US;q=0.9,en-GB;q=0.8","Accept-Encoding":"gzip, deflate, br, zstd","Referer":"http:\/\/localhost\/contact.html","Sec-Fetch-Dest":"empty","Sec-Fetch-Mode":"cors","Sec-Fetch-Site":"same-origin","Origin":"http:\/\/localhost","Accept":"*\/*","Sec-Ch-Ua-Mobile":"?0","Content-Type":"application\/x-www-form-urlencoded","Dnt":"1","Sec-Ch-Ua":"\"Not;A=Brand\";v=\"99\", \"Google Chrome\";v=\"139\", \"Chromium\";v=\"139\"","User-Agent":"Mozilla\/5.0 (Macintosh; Intel Mac OS X 10_15_7) AppleWebKit\/537.36 (KHTML, like Gecko) Chrome\/139.0.0.0 Safari\/537.36","Sec-Ch-Ua-Platform":"\"macOS\"","Content-Length":"96","Connection":"keep-alive","Host":"localhost"}
[19-Aug-2025 02:01:23 UTC] Raw input: name=Aazain+Ullah+Khan&email=aazainkhan%40gmail.com&country-code=1&phone=7788620153&message=test
[19-Aug-2025 02:01:23 UTC] Form data: Array
(
    [name] => Aazain Ullah Khan
    [email] => aazainkhan@gmail.com
    [country-code] => 1
    [phone] => 7788620153
    [message] => test
)

[19-Aug-2025 02:01:23 UTC] Confirmation email sent to aazainkhan@gmail.com
[19-Aug-2025 02:01:23 UTC] Confirmation email sent to aazainkhan@gmail.com
[19-Aug-2025 02:01:23 UTC] Confirmation email sent to aazainkhan@gmail.com
[19-Aug-2025 02:01:23 UTC] Email sent to admin: info@innerjourney-with-shanila.com
[19-Aug-2025 02:01:23 UTC] Confirmation email sent to aazainkhan@gmail.com
[19-Aug-2025 02:04:53 UTC] [req_68a3dbc5619978.41289875] Starting request processing
[19-Aug-2025 02:04:53 UTC] [req_68a3dbc561b5c1.11676041] Starting request processing
[19-Aug-2025 02:04:53 UTC] === New Contact Form Submission ===
[19-Aug-2025 02:04:53 UTC] === New Contact Form Submission ===
[19-Aug-2025 02:04:53 UTC] Request Method: POST
[19-Aug-2025 02:04:53 UTC] Request Method: POST
[19-Aug-2025 02:04:53 UTC] Content Type: application/x-www-form-urlencoded
[19-Aug-2025 02:04:53 UTC] Content Type: application/json
[19-Aug-2025 02:04:53 UTC] Request Headers: {"Cookie":"theme=light","Accept-Language":"en,en-US;q=0.9,en-GB;q=0.8","Accept-Encoding":"gzip, deflate, br, zstd","Referer":"http:\/\/localhost\/contact.html","Sec-Fetch-Dest":"empty","Sec-Fetch-Mode":"cors","Sec-Fetch-Site":"same-origin","Origin":"http:\/\/localhost","Accept":"*\/*","Sec-Ch-Ua-Mobile":"?0","Content-Type":"application\/x-www-form-urlencoded","Dnt":"1","Sec-Ch-Ua":"\"Not;A=Brand\";v=\"99\", \"Google Chrome\";v=\"139\", \"Chromium\";v=\"139\"","User-Agent":"Mozilla\/5.0 (Macintosh; Intel Mac OS X 10_15_7) AppleWebKit\/537.36 (KHTML, like Gecko) Chrome\/139.0.0.0 Safari\/537.36","Sec-Ch-Ua-Platform":"\"macOS\"","Content-Length":"104","Connection":"keep-alive","Host":"localhost"}
[19-Aug-2025 02:04:53 UTC] Request Headers: {"Cookie":"theme=light","Accept-Language":"en,en-US;q=0.9,en-GB;q=0.8","Accept-Encoding":"gzip, deflate, br, zstd","Referer":"http:\/\/localhost\/contact.html","Sec-Fetch-Dest":"empty","Sec-Fetch-Mode":"cors","Sec-Fetch-Site":"same-origin","Origin":"http:\/\/localhost","Accept":"*\/*","Sec-Ch-Ua-Mobile":"?0","Content-Type":"application\/json","Dnt":"1","Sec-Ch-Ua":"\"Not;A=Brand\";v=\"99\", \"Google Chrome\";v=\"139\", \"Chromium\";v=\"139\"","User-Agent":"Mozilla\/5.0 (Macintosh; Intel Mac OS X 10_15_7) AppleWebKit\/537.36 (KHTML, like Gecko) Chrome\/139.0.0.0 Safari\/537.36","Sec-Ch-Ua-Platform":"\"macOS\"","Content-Length":"124","Connection":"keep-alive","Host":"localhost"}
[19-Aug-2025 02:04:53 UTC] Raw input: name=Aazain+Ullah+Khan&email=aazainkhan%40gmail.com&country-code=1&phone=7788620153&message=TEst+message
[19-Aug-2025 02:04:53 UTC] Raw input: {"name":"Aazain Ullah Khan","email":"aazainkhan@gmail.com","country-code":"1","phone":"7788620153","message":"TEst message"}
[19-Aug-2025 02:04:53 UTC] Form data: Array
(
    [name] => Aazain Ullah Khan
    [email] => aazainkhan@gmail.com
    [country-code] => 1
    [phone] => 7788620153
    [message] => TEst message
)

[19-Aug-2025 02:04:53 UTC] Detected JSON request
[19-Aug-2025 02:04:53 UTC] Parsed JSON input: Array
(
    [name] => Aazain Ullah Khan
    [email] => aazainkhan@gmail.com
    [country-code] => 1
    [phone] => 7788620153
    [message] => TEst message
)

[19-Aug-2025 02:04:53 UTC] [req_68a3dbc5619978.41289875] Preparing to send emails
[19-Aug-2025 02:04:53 UTC] [req_68a3dbc5619978.41289875] Sending admin email to info@innerjourney-with-shanila.com
[19-Aug-2025 02:04:53 UTC] [req_68a3dbc561b5c1.11676041] Preparing to send emails
[19-Aug-2025 02:04:53 UTC] [req_68a3dbc561b5c1.11676041] Sending admin email to info@innerjourney-with-shanila.com
[19-Aug-2025 02:04:53 UTC] [req_68a3dbc5619978.41289875] Admin email sent successfully
[19-Aug-2025 02:04:53 UTC] Email sent to admin: info@innerjourney-with-shanila.com
[19-Aug-2025 02:04:53 UTC] [req_68a3dbc5619978.41289875] Sending confirmation email to aazainkhan@gmail.com
[19-Aug-2025 02:04:53 UTC] [req_68a3dbc561b5c1.11676041] Admin email sent successfully
[19-Aug-2025 02:04:53 UTC] Email sent to admin: info@innerjourney-with-shanila.com
[19-Aug-2025 02:04:53 UTC] [req_68a3dbc561b5c1.11676041] Sending confirmation email to aazainkhan@gmail.com
[19-Aug-2025 02:04:53 UTC] [req_68a3dbc5619978.41289875] Confirmation email sent successfully
[19-Aug-2025 02:04:53 UTC] Confirmation email sent to aazainkhan@gmail.com
[19-Aug-2025 02:04:53 UTC] [req_68a3dbc561b5c1.11676041] Confirmation email sent successfully
[19-Aug-2025 02:04:53 UTC] Confirmation email sent to aazainkhan@gmail.com
[19-Aug-2025 02:07:37 UTC] [req_68a3dc693437e5.82284725] Starting request processing
[19-Aug-2025 02:07:37 UTC] === New Contact Form Submission ===
[19-Aug-2025 02:07:37 UTC] Request Method: POST
[19-Aug-2025 02:07:37 UTC] Content Type: application/x-www-form-urlencoded
[19-Aug-2025 02:07:37 UTC] Request Headers: {"Cookie":"theme=light","Accept-Language":"en,en-US;q=0.9,en-GB;q=0.8","Accept-Encoding":"gzip, deflate, br, zstd","Referer":"http:\/\/localhost\/contact.html","Sec-Fetch-Dest":"empty","Sec-Fetch-Mode":"cors","Sec-Fetch-Site":"same-origin","Origin":"http:\/\/localhost","Accept":"*\/*","Sec-Ch-Ua-Mobile":"?0","Content-Type":"application\/x-www-form-urlencoded","Dnt":"1","Sec-Ch-Ua":"\"Not;A=Brand\";v=\"99\", \"Google Chrome\";v=\"139\", \"Chromium\";v=\"139\"","User-Agent":"Mozilla\/5.0 (Macintosh; Intel Mac OS X 10_15_7) AppleWebKit\/537.36 (KHTML, like Gecko) Chrome\/139.0.0.0 Safari\/537.36","Sec-Ch-Ua-Platform":"\"macOS\"","Content-Length":"104","Connection":"keep-alive","Host":"localhost"}
[19-Aug-2025 02:07:37 UTC] Raw input: name=Aazain+Ullah+Khan&email=aazainkhan%40gmail.com&country-code=1&phone=7788620153&message=Test+message
[19-Aug-2025 02:07:37 UTC] Form data: Array
(
    [name] => Aazain Ullah Khan
    [email] => aazainkhan@gmail.com
    [country-code] => 1
    [phone] => 7788620153
    [message] => Test message
)

[19-Aug-2025 02:07:37 UTC] [req_68a3dc693437e5.82284725] Preparing to send emails
[19-Aug-2025 02:07:37 UTC] [req_68a3dc693437e5.82284725] Sending admin email to info@innerjourney-with-shanila.com
[19-Aug-2025 02:07:37 UTC] [req_68a3dc693437e5.82284725] Admin email sent successfully
[19-Aug-2025 02:07:37 UTC] Email sent to admin: info@innerjourney-with-shanila.com
[19-Aug-2025 02:07:37 UTC] [req_68a3dc693437e5.82284725] Sending confirmation email to aazainkhan@gmail.com
[19-Aug-2025 02:07:37 UTC] [req_68a3dc693437e5.82284725] Confirmation email sent successfully
[19-Aug-2025 02:07:37 UTC] Confirmation email sent to aazainkhan@gmail.com
[19-Aug-2025 02:08:19 UTC] [req_68a3dc932a4213.75346172] Starting request processing
[19-Aug-2025 02:08:19 UTC] === New Contact Form Submission ===
[19-Aug-2025 02:08:19 UTC] Request Method: POST
[19-Aug-2025 02:08:19 UTC] Content Type: application/json
[19-Aug-2025 02:08:19 UTC] Request Headers: {"Cookie":"theme=light","Accept-Language":"en,en-US;q=0.9,en-GB;q=0.8","Accept-Encoding":"gzip, deflate, br, zstd","Referer":"http:\/\/localhost\/contact.html","Sec-Fetch-Dest":"empty","Sec-Fetch-Mode":"cors","Sec-Fetch-Site":"same-origin","Origin":"http:\/\/localhost","Accept":"*\/*","Sec-Ch-Ua-Mobile":"?0","Content-Type":"application\/json","Dnt":"1","Sec-Ch-Ua":"\"Not;A=Brand\";v=\"99\", \"Google Chrome\";v=\"139\", \"Chromium\";v=\"139\"","User-Agent":"Mozilla\/5.0 (Macintosh; Intel Mac OS X 10_15_7) AppleWebKit\/537.36 (KHTML, like Gecko) Chrome\/139.0.0.0 Safari\/537.36","Sec-Ch-Ua-Platform":"\"macOS\"","Content-Length":"206","Connection":"keep-alive","Host":"localhost"}
[19-Aug-2025 02:08:19 UTC] Raw input: {"first-name":"Aazain","last-name":"Khan","country-code":"1","phone":"7788620153","email":"aazainkhan@gmail.com","date":"2025-08-22","time":"12:00-12:45","service":"Communication Coaching","message":"Test"}
[19-Aug-2025 02:08:19 UTC] Detected JSON request
[19-Aug-2025 02:08:19 UTC] Parsed JSON input: Array
(
    [first-name] => Aazain
    [last-name] => Khan
    [country-code] => 1
    [phone] => 7788620153
    [email] => aazainkhan@gmail.com
    [date] => 2025-08-22
    [time] => 12:00-12:45
    [service] => Communication Coaching
    [message] => Test
)

[19-Aug-2025 02:08:19 UTC] [req_68a3dc932a4213.75346172] Preparing to send emails
[19-Aug-2025 02:08:19 UTC] [req_68a3dc932a4213.75346172] Sending admin email to info@innerjourney-with-shanila.com
[19-Aug-2025 02:08:19 UTC] [req_68a3dc932a4213.75346172] Admin email sent successfully
[19-Aug-2025 02:08:19 UTC] Email sent to admin: info@innerjourney-with-shanila.com
[19-Aug-2025 02:08:19 UTC] [req_68a3dc932a4213.75346172] Sending confirmation email to aazainkhan@gmail.com
[19-Aug-2025 02:08:19 UTC] [req_68a3dc932a4213.75346172] Confirmation email sent successfully
[19-Aug-2025 02:08:19 UTC] Confirmation email sent to aazainkhan@gmail.com
[19-Aug-2025 02:08:29 UTC] [req_68a3dc9d07d9a4.54434146] Starting request processing
[19-Aug-2025 02:08:29 UTC] === New Contact Form Submission ===
[19-Aug-2025 02:08:29 UTC] Request Method: POST
[19-Aug-2025 02:08:29 UTC] Content Type: application/x-www-form-urlencoded
[19-Aug-2025 02:08:29 UTC] Request Headers: {"Cookie":"theme=light","Accept-Language":"en,en-US;q=0.9,en-GB;q=0.8","Accept-Encoding":"gzip, deflate, br, zstd","Referer":"http:\/\/localhost\/contact.html","Sec-Fetch-Dest":"empty","Sec-Fetch-Mode":"cors","Sec-Fetch-Site":"same-origin","Origin":"http:\/\/localhost","Accept":"*\/*","Sec-Ch-Ua-Mobile":"?0","Content-Type":"application\/x-www-form-urlencoded","Dnt":"1","Sec-Ch-Ua":"\"Not;A=Brand\";v=\"99\", \"Google Chrome\";v=\"139\", \"Chromium\";v=\"139\"","User-Agent":"Mozilla\/5.0 (Macintosh; Intel Mac OS X 10_15_7) AppleWebKit\/537.36 (KHTML, like Gecko) Chrome\/139.0.0.0 Safari\/537.36","Sec-Ch-Ua-Platform":"\"macOS\"","Content-Length":"104","Connection":"keep-alive","Host":"localhost"}
[19-Aug-2025 02:08:29 UTC] Raw input: name=Aazain+Ullah+Khan&email=aazainkhan%40gmail.com&country-code=1&phone=7788620153&message=Test+message
[19-Aug-2025 02:08:29 UTC] Form data: Array
(
    [name] => Aazain Ullah Khan
    [email] => aazainkhan@gmail.com
    [country-code] => 1
    [phone] => 7788620153
    [message] => Test message
)

[19-Aug-2025 02:08:29 UTC] [req_68a3dc9d07d9a4.54434146] Preparing to send emails
[19-Aug-2025 02:08:29 UTC] [req_68a3dc9d07d9a4.54434146] Sending admin email to info@innerjourney-with-shanila.com
[19-Aug-2025 02:08:29 UTC] [req_68a3dc9d07d9a4.54434146] Admin email sent successfully
[19-Aug-2025 02:08:29 UTC] Email sent to admin: info@innerjourney-with-shanila.com
[19-Aug-2025 02:08:29 UTC] [req_68a3dc9d07d9a4.54434146] Sending confirmation email to aazainkhan@gmail.com
[19-Aug-2025 02:08:29 UTC] [req_68a3dc9d07d9a4.54434146] Confirmation email sent successfully
[19-Aug-2025 02:08:29 UTC] Confirmation email sent to aazainkhan@gmail.com
[31-Jan-2026 19:59:36 UTC] [req_697e5f287c9027.18809377] Starting request processing
[31-Jan-2026 19:59:36 UTC] === New Contact Form Submission ===
[31-Jan-2026 19:59:36 UTC] Request Method: POST
[31-Jan-2026 19:59:36 UTC] Content Type: application/x-www-form-urlencoded
[31-Jan-2026 19:59:36 UTC] Request Headers: {"Host":"localhost:8000","Connection":"keep-alive","Content-Length":"93","sec-ch-ua-platform":"\"macOS\"","User-Agent":"Mozilla\/5.0 (Macintosh; Intel Mac OS X 10_15_7) AppleWebKit\/537.36 (KHTML, like Gecko) Chrome\/144.0.0.0 Safari\/537.36","sec-ch-ua":"\"Not(A:Brand\";v=\"8\", \"Chromium\";v=\"144\", \"Google Chrome\";v=\"144\"","DNT":"1","Content-Type":"application\/x-www-form-urlencoded","sec-ch-ua-mobile":"?0","Accept":"*\/*","Origin":"http:\/\/localhost:8000","Sec-Fetch-Site":"same-origin","Sec-Fetch-Mode":"cors","Sec-Fetch-Dest":"empty","Referer":"http:\/\/localhost:8000\/contact.html","Accept-Encoding":"gzip, deflate, br, zstd","Accept-Language":"en,en-US;q=0.9,en-GB;q=0.8"}
[31-Jan-2026 19:59:36 UTC] Raw input: name=Aazain&email=aazainkhan%40gmail.com&country-code=1&phone=7788620153&message=Test+message
[31-Jan-2026 19:59:36 UTC] Form data: Array
(
    [name] => Aazain
    [email] => aazainkhan@gmail.com
    [country-code] => 1
    [phone] => 7788620153
    [message] => Test message
)

[31-Jan-2026 19:59:36 UTC] [req_697e5f287c9027.18809377] Preparing to send emails
[31-Jan-2026 19:59:36 UTC] [req_697e5f287c9027.18809377] Sending admin email to info@innerjourney-with-shanila.com
[31-Jan-2026 19:59:36 UTC] Failed to send email to admin: info@innerjourney-with-shanila.com
[31-Jan-2026 19:59:36 UTC] Failed to send one or more emails
[31-Jan-2026 20:00:29 UTC] [req_697e5f5d503611.26555435] Starting request processing
[31-Jan-2026 20:00:29 UTC] === New Contact Form Submission ===
[31-Jan-2026 20:00:29 UTC] Request Method: POST
[31-Jan-2026 20:00:29 UTC] Content Type: application/x-www-form-urlencoded
[31-Jan-2026 20:00:29 UTC] Request Headers: {"Host":"localhost:8000","Connection":"keep-alive","Content-Length":"104","sec-ch-ua-platform":"\"macOS\"","User-Agent":"Mozilla\/5.0 (Macintosh; Intel Mac OS X 10_15_7) AppleWebKit\/537.36 (KHTML, like Gecko) Chrome\/144.0.0.0 Safari\/537.36","sec-ch-ua":"\"Not(A:Brand\";v=\"8\", \"Chromium\";v=\"144\", \"Google Chrome\";v=\"144\"","DNT":"1","Content-Type":"application\/x-www-form-urlencoded","sec-ch-ua-mobile":"?0","Accept":"*\/*","Origin":"http:\/\/localhost:8000","Sec-Fetch-Site":"same-origin","Sec-Fetch-Mode":"cors","Sec-Fetch-Dest":"empty","Referer":"http:\/\/localhost:8000\/contact.html","Accept-Encoding":"gzip, deflate, br, zstd","Accept-Language":"en,en-US;q=0.9,en-GB;q=0.8"}
[31-Jan-2026 20:00:29 UTC] Raw input: name=Aazain+Ullah+Khan&email=aazainkhan%40gmail.com&country-code=1&phone=7788620153&message=test+message
[31-Jan-2026 20:00:29 UTC] Form data: Array
(
    [name] => Aazain Ullah Khan
    [email] => aazainkhan@gmail.com
    [country-code] => 1
    [phone] => 7788620153
    [message] => test message
)

[31-Jan-2026 20:00:29 UTC] [req_697e5f5d503611.26555435] Preparing to send emails
[31-Jan-2026 20:00:29 UTC] [req_697e5f5d503611.26555435] Sending admin email to info@innerjourney-with-shanila.com
[31-Jan-2026 20:00:29 UTC] Failed to send email to admin: info@innerjourney-with-shanila.com
[31-Jan-2026 20:00:29 UTC] Failed to send one or more emails
[31-Jan-2026 20:02:50 UTC] [req_697e5feabca791.32414866] Sending admin email
[31-Jan-2026 20:02:50 UTC] [req_697e5feabca791.32414866] Failed to send admin email
[31-Jan-2026 20:03:19 UTC] [req_697e600780aef2.27226931] Sending admin email
[31-Jan-2026 20:03:19 UTC] [req_697e600780aef2.27226931] Failed to send admin email
[31-Jan-2026 20:04:42 UTC] [req_697e605a3149b8.88129196] Sending admin email
[31-Jan-2026 20:04:42 UTC] [req_697e605a3149b8.88129196] Failed to send admin email
[31-Jan-2026 20:06:03 UTC] [req_697e60ab5e4823.50963459] Sending admin email
[31-Jan-2026 20:06:03 UTC] [req_697e60ab5e4823.50963459] Admin email sent, sending confirmation
